[debug] [2022-01-10T20:17:35.784Z] ----------------------------------------------------------------------
[debug] [2022-01-10T20:17:35.792Z] Command:       C:\Program Files\nodejs\node.exe C:\Users\morde\AppData\Roaming\npm\node_modules\firebase-tools\lib\bin\firebase.js login --interactive
[debug] [2022-01-10T20:17:35.794Z] CLI Version:   10.0.1
[debug] [2022-01-10T20:17:35.795Z] Platform:      win32
[debug] [2022-01-10T20:17:35.795Z] Node Version:  v16.13.0
[debug] [2022-01-10T20:17:35.799Z] Time:          Mon Jan 10 2022 23:17:35 GMT+0300 (East Africa Time)
[debug] [2022-01-10T20:17:35.799Z] ----------------------------------------------------------------------
[debug] 
[info] i  Firebase optionally collects CLI usage and error reporting information to help improve our products. Data is collected in accordance with Google's privacy policy (https://policies.google.com/privacy) and is not used to identify you.
 
[info] i  To change your data collection preference at any time, run `firebase logout` and log in again. 
[info] 
[info] Visit this URL on this device to log in:
[info] https://accounts.google.com/o/oauth2/auth?client_id=563584335869-fgrhgmd47bqnekij5i8b5pr03ho849e6.apps.googleusercontent.com&scope=email%20openid%20https%3A%2F%2Fwww.googleapis.com%2Fauth%2Fcloudplatformprojects.readonly%20https%3A%2F%2Fwww.googleapis.com%2Fauth%2Ffirebase%20https%3A%2F%2Fwww.googleapis.com%2Fauth%2Fcloud-platform&response_type=code&state=687147979&redirect_uri=http%3A%2F%2Flocalhost%3A9005
[info] 
[info] Waiting for authentication...
[debug] [2022-01-10T20:17:39.093Z] Error: spawn cmd ENOENT
    at Process.ChildProcess._handle.onexit (node:internal/child_process:282:19)
    at onErrorNT (node:internal/child_process:477:16)
    at processTicksAndRejections (node:internal/process/task_queues:83:21)
[error] 
[error] Error: An unexpected error has occurred.
